Starting: python3 exp_gen.py 1024 n16_ps1024_1t_og 1 10 >>out1.out 
python3 exp_gen.py 1024 n16_ps1024_1t_og 1 10 >>out1.out  failed with exit code None
Starting: python3 exp_gen.py 2048 n16_ps2048_1t_og 1 15
python3 exp_gen.py 2048 n16_ps2048_1t_og 1 15 failed with exit code None
Starting: python3 exp_gen.py 4096 n16_ps4096_1t_og 1 20
python3 exp_gen.py 4096 n16_ps4096_1t_og 1 20 failed with exit code None
Starting: python3 exp_gen.py 8192 n16_ps1024_1t_og 1 25
python3 exp_gen.py 8192 n16_ps1024_1t_og 1 25 failed with exit code None
All programs completed.
Starting: python3 exp_gen.py 512 n16_ps512_16t 16
Output of python3 exp_gen.py 512 n16_ps512_16t 16:
Eigenstate Propagation: correct
run 0
run 1

Summary of Stats (Mean and Standard Deviation):
   chain_length  total_time_mean  ...  max_memory_mean  max_memory_std
0            16         0.000738  ...       197.357422        1.262296

[1 rows x 9 columns]

Results saved to n16_ps512_16t/profiling_results.csv
Summary stats saved to n16_ps512_16t/profiling_summary.csv

python3 exp_gen.py 512 n16_ps512_16t 16 completed successfully.
Starting: python3 exp_gen.py 1024 n16_ps1024_16t 16
Output of python3 exp_gen.py 1024 n16_ps1024_16t 16:
Eigenstate Propagation: correct
run 0
run 1

Summary of Stats (Mean and Standard Deviation):
   chain_length  total_time_mean  ...  max_memory_mean  max_memory_std
0            16          0.00124  ...       201.509766        3.980238

[1 rows x 9 columns]

Results saved to n16_ps1024_16t/profiling_results.csv
Summary stats saved to n16_ps1024_16t/profiling_summary.csv

python3 exp_gen.py 1024 n16_ps1024_16t 16 completed successfully.
Starting: python3 exp_gen.py 2048 n16_ps2048_16t 16
Output of python3 exp_gen.py 2048 n16_ps2048_16t 16:
Eigenstate Propagation: correct
run 0
run 1

Summary of Stats (Mean and Standard Deviation):
   chain_length  total_time_mean  ...  max_memory_mean  max_memory_std
0            16         0.003224  ...       201.878906        3.712311

[1 rows x 9 columns]

Results saved to n16_ps2048_16t/profiling_results.csv
Summary stats saved to n16_ps2048_16t/profiling_summary.csv

python3 exp_gen.py 2048 n16_ps2048_16t 16 completed successfully.
Starting: python3 exp_gen.py 4096 n16_ps4096_16t 16
Output of python3 exp_gen.py 4096 n16_ps4096_16t 16:
Eigenstate Propagation: correct
run 0
run 1

Summary of Stats (Mean and Standard Deviation):
   chain_length  total_time_mean  ...  max_memory_mean  max_memory_std
0            16         0.004425  ...       209.267578        6.924675

[1 rows x 9 columns]

Results saved to n16_ps4096_16t/profiling_results.csv
Summary stats saved to n16_ps4096_16t/profiling_summary.csv

python3 exp_gen.py 4096 n16_ps4096_16t 16 completed successfully.
All programs completed.
